<?xml version="1.0" encoding="UTF-8"?>
<!-- Generated by org.testng.reporters.JUnitXMLReporter -->
<testsuite ignored="1" hostname="DESKTOP-5TN5CVM" failures="0" tests="2" name="Default test" time="26.982" errors="0" timestamp="2025-05-15T11:47:35 EET">
  <testcase classname="AppuimMobileTesting.AppuimMobileTesting.AppTest" name="ClickOnNumbersOnly" time="7.207"/>
  <testcase classname="AppuimMobileTesting.AppuimMobileTesting.AppTest" name="DivideByZero" time="3.395"/>
  <testcase classname="AppuimMobileTesting.AppuimMobileTesting.AppTest" name="AddTwoDigits" time="0.0">
    <ignored/>
  </testcase> <!-- AddTwoDigits -->
</testsuite> <!-- Default test -->
